app/build/outputs/mapping/release/mapping.txt
# compiler: R8
# compiler_version: 2.1.86
# min_api: 19
# pg_map_id: 8722440
# common_typos_disable
io.github.ramin_xanif_muslim.twa.LauncherActivity -> io.github.ramin_xanif_muslim.twa.LauncherActivity:
    android.net.Uri getLaunchingUrl() -> f
...
androidx.browser.customtabs.CustomTabsClient$2$5 -> b.a.b.c$a$e:
    android.os.Bundle val$extras -> d
    androidx.browser.customtabs.CustomTabsClient$2 this$1 -> e
    android.net.Uri val$requestedOrigin -> b
    boolean val$result -> c
    int val$relation -> a
androidx.browser.customtabs.CustomTabsIntent -> b.a.b.d:
    android.content.Intent intent -> a
    android.os.Bundle startAnimationBundle -> b
    androidx.browser.customtabs.CustomTabColorSchemeParams getColorSchemeParams(android.content.Intent,int) -> a
    void launchUrl(android.content.Context,android.net.Uri) -> b
androidx.browser.customtabs.CustomTabsIntent$Builder -> b.a.b.d$a:
    androidx.browser.customtabs.CustomTabColorSchemeParams$Builder mDefaultColorSchemeBuilder -> b
    boolean mInstantAppsEnabled -> i
    android.content.Intent mIntent -> a
    int mShareState -> h
    android.os.Bundle mStartAnimationBundle -> d
    android.os.Bundle mDefaultColorSchemeBundle -> g
    java.util.ArrayList mActionButtons -> e
    android.util.SparseArray mColorSchemeParamBundles -> f
    java.util.ArrayList mMenuItems -> c
    androidx.browser.customtabs.CustomTabsIntent build() -> a
    androidx.browser.customtabs.CustomTabsIntent$Builder setColorScheme(int) -> b
    androidx.browser.customtabs.CustomTabsIntent$Builder setColorSchemeParams(int,androidx.browser.customtabs.CustomTabColorSchemeParams) -> c
    androidx.browser.customtabs.CustomTabsIntent$Builder setNavigationBarColor(int) -> d
    androidx.browser.customtabs.CustomTabsIntent$Builder setNavigationBarDividerColor(int) -> e
    androidx.browser.customtabs.CustomTabsIntent$Builder setSession(androidx.browser.customtabs.CustomTabsSession) -> f
    void setSessionParameters(android.os.IBinder,android.app.PendingIntent) -> g
    androidx.browser.customtabs.CustomTabsIntent$Builder setToolbarColor(int) -> h
androidx.browser.customtabs.CustomTabsServiceConnection -> b.a.b.e:
    android.content.Context mApplicationContext -> a
    void onCustomTabsServiceConnected(android.content.ComponentName,androidx.browser.customtabs.CustomTabsClient) -> a
    void setApplicationContext(android.content.Context) -> b
androidx.browser.customtabs.CustomTabsServiceConnection$1 -> b.a.b.e$a:
androidx.browser.customtabs.CustomTabsSession -> b.a.b.f:
    android.support.customtabs.ICustomTabsCallback mCallback -> b
    android.content.ComponentName mComponentName -> c
    android.support.customtabs.ICustomTabsService mService -> a
    android.app.PendingIntent mId -> d
    void addIdToBundle(android.os.Bundle) -> a
    android.os.Bundle createBundleWithId(android.os.Bundle) -> b
    android.os.IBinder getBinder() -> c
    android.content.ComponentName getComponentName() -> d
    android.app.PendingIntent getId() -> e
    boolean receiveFile(android.net.Uri,int,android.os.Bundle) -> f
    boolean validateRelationship(int,android.net.Uri,android.os.Bundle) -> g
androidx.browser.customtabs.TrustedWebUtils -> b.a.b.g:
    boolean areSplashScreensSupported(android.content.Context,java.lang.String,java.lang.String) -> a
    boolean transferSplashImage(android.content.Context,java.io.File,java.lang.String,java.lang.String,androidx.browser.customtabs.CustomTabsSession) -> b
androidx.browser.trusted.-$$Lambda$TokenContents$Q7kOl2yBde7CmQs5Ktpiz56Nr70 -> b.a.c.a:
    androidx.browser.trusted.-$$Lambda$TokenContents$Q7kOl2yBde7CmQs5Ktpiz56Nr70 INSTANCE -> a
androidx.browser.trusted.NotificationApiHelperForM -> b.a.c.b:
    android.os.Parcelable[] getActiveNotifications(android.app.NotificationManager) -> a
androidx.browser.trusted.NotificationApiHelperForO -> b.a.c.c:
    android.app.Notification copyNotificationOntoChannel(android.content.Context,android.app.NotificationManager,android.app.Notification,java.lang.String,java.lang.String) -> a
    boolean isChannelEnabled(android.app.NotificationManager,java.lang.String) -> b